23:22:46.624 [main] INFO  org.testng.internal.Utils - [Utils] MethodGroupsHelper.collectMethodsByGroup() took 0 ms.
23:22:46.628 [main] INFO  org.testng.internal.Utils - [Utils] MethodGroupsHelper.sortMethods() took 0 ms.
23:22:46.628 [main] INFO  org.testng.internal.Utils - [Utils] MethodGroupsHelper.collectMethodsByGroup() took 0 ms.
23:22:46.629 [main] INFO  org.testng.internal.Utils - [Utils] MethodGroupsHelper.sortMethods() took 0 ms.
23:22:46.629 [main] INFO  org.testng.internal.Utils - [Utils] MethodGroupsHelper.collectMethodsByGroup() took 0 ms.
23:22:46.629 [main] INFO  org.testng.internal.Utils - [Utils] MethodGroupsHelper.sortMethods() took 0 ms.
23:22:46.635 [main] INFO  org.testng.internal.Utils - [Utils] MethodGroupsHelper.collectMethodsByGroup() took 4 ms.
23:22:46.641 [main] INFO  org.testng.internal.Utils - [Utils] MethodGroupsHelper.sortMethods() took 5 ms.
23:22:46.642 [main] INFO  org.testng.internal.Utils - [Utils] MethodGroupsHelper.collectMethodsByGroup() took 1 ms.
23:22:46.642 [main] INFO  org.testng.internal.Utils - [Utils] MethodGroupsHelper.sortMethods() took 0 ms.
23:22:46.643 [main] INFO  org.testng.internal.Utils - [Utils] MethodGroupsHelper.collectMethodsByGroup() took 0 ms.
23:22:46.643 [main] INFO  org.testng.internal.Utils - [Utils] MethodGroupsHelper.sortMethods() took 0 ms.
23:22:46.643 [main] INFO  org.testng.internal.Utils - [Utils] MethodGroupsHelper.collectMethodsByGroup() took 0 ms.
23:22:46.643 [main] INFO  org.testng.internal.Utils - [Utils] MethodGroupsHelper.sortMethods() took 0 ms.
23:22:46.645 [main] INFO  org.testng.internal.Utils - [Utils] MethodGroupsHelper.collectMethodsByGroup() took 0 ms.
23:22:46.645 [main] INFO  org.testng.internal.Utils - [Utils] MethodGroupsHelper.sortMethods() took 0 ms.
23:22:46.645 [main] INFO  org.testng.internal.Utils - [Utils] MethodGroupsHelper.collectMethodsByGroup() took 0 ms.
23:22:46.645 [main] INFO  org.testng.internal.Utils - [Utils] MethodGroupsHelper.sortMethods() took 0 ms.
23:22:46.647 [main] INFO  org.testng.internal.Utils - [Utils] MethodGroupsHelper.collectMethodsByGroup() took 0 ms.
23:22:46.647 [main] INFO  org.testng.internal.Utils - [Utils] MethodGroupsHelper.sortMethods() took 0 ms.
23:22:46.647 [main] INFO  org.testng.internal.Utils - [Utils] MethodGroupsHelper.collectMethodsByGroup() took 0 ms.
23:22:46.647 [main] INFO  org.testng.internal.Utils - [Utils] MethodGroupsHelper.sortMethods() took 0 ms.
23:22:46.648 [main] INFO  org.testng.internal.Utils - [Utils] MethodGroupsHelper.collectMethodsByGroup() took 0 ms.
23:22:46.648 [main] INFO  org.testng.internal.Utils - [Utils] MethodGroupsHelper.sortMethods() took 0 ms.
23:22:46.649 [main] INFO  org.testng.internal.Utils - [Utils] MethodGroupsHelper.collectMethodsByGroup() took 0 ms.
23:22:46.649 [main] INFO  org.testng.internal.Utils - [Utils] MethodGroupsHelper.sortMethods() took 0 ms.
23:22:46.649 [main] INFO  org.testng.internal.Utils - [Utils] MethodGroupsHelper.collectMethodsByGroup() took 0 ms.
23:22:46.649 [main] INFO  org.testng.internal.Utils - [Utils] MethodGroupsHelper.sortMethods() took 0 ms.
23:22:46.655 [main] INFO  org.testng.internal.Utils - [TestNG] Running:
  C:\Users\hp\AppData\Local\Temp\testng-eclipse--2006050144\testng-customsuite.xml

23:22:46.679 [main] INFO  org.testng.internal.Utils - [Utils] DynamicGraphHelper.createDynamicGraph() took 8 ms.
23:22:46.906 [main] INFO  org.testng.internal.Utils - [TestNG] Time taken by org.testng.reporters.jq.Main@6eeade6c: 74 ms
23:22:46.922 [main] INFO  org.testng.internal.Utils - [TestNG] Time taken by org.testng.reporters.FailedReporter@4febb875: 16 ms
23:22:46.939 [main] INFO  org.testng.internal.Utils - [TestNG] Time taken by org.testng.reporters.XMLReporter@79145d5a: 17 ms
23:22:46.954 [main] INFO  org.testng.internal.Utils - [TestNG] Time taken by org.testng.reporters.EmailableReporter2@14b030a0: 14 ms
23:22:46.962 [main] INFO  org.testng.internal.Utils - [TestNG] Time taken by org.testng.reporters.JUnitReportReporter@75e91545: 8 ms
23:22:46.962 [main] INFO  org.testng.internal.Utils - [TestNG] Time taken by org.testng.internal.ExitCodeListener@60d1a32f: 0 ms
23:23:03.653 [main] INFO  org.testng.internal.Utils - [TestNG] Running:
  C:\java workspace\seleniumwebdriver\Opencart0401\master.xml

23:23:25.762 [main] INFO  testCases.TC002_LoginTest - ****** starting TC002_LoginTest*******
23:23:31.747 [main] INFO  testCases.TC002_LoginTest - ****** Finished TC002_LoginTest*******
00:52:26.638 [main] INFO  org.testng.internal.Utils - [TestNG] Running:
  C:\java workspace\seleniumwebdriver\Opencart0401\master.xml

00:54:00.771 [main] INFO  org.testng.internal.Utils - [TestNG] Running:
  C:\java workspace\seleniumwebdriver\Opencart0401\master.xml

00:56:47.772 [main] INFO  org.testng.internal.Utils - [TestNG] Running:
  C:\java workspace\seleniumwebdriver\Opencart0401\master.xml

01:00:28.216 [main] INFO  org.testng.internal.Utils - [TestNG] Running:
  C:\java workspace\seleniumwebdriver\Opencart0401\master.xml

